<?xml version="1.0" encoding="UTF-8"?>
<coverage generated="1749517323201" clover="3.2.0">
  <project timestamp="1749517323201" name="All files">
    <metrics statements="53" coveredstatements="53" conditionals="4" coveredconditionals="4" methods="23" coveredmethods="23" elements="80" coveredelements="80" complexity="0" loc="53" ncloc="53" packages="7" files="13" classes="13"/>
    <package name="abstract-factory.factories">
      <metrics statements="6" coveredstatements="6" conditionals="0" coveredconditionals="0" methods="2" coveredmethods="2"/>
      <file name="MercadoPagoFactory.ts" path="/Users/miguelsouzap/Documents/study/designe-pattern/gof/creational/abstract-factory/factories/MercadoPagoFactory.ts">
        <metrics statements="3" coveredstatements="3" conditionals="0" coveredconditionals="0" methods="1" coveredmethods="1"/>
        <line num="3" count="2" type="stmt"/>
        <line num="5" count="2" type="stmt"/>
        <line num="7" count="2" type="stmt"/>
      </file>
      <file name="PagSeguroFactory.ts" path="/Users/miguelsouzap/Documents/study/designe-pattern/gof/creational/abstract-factory/factories/PagSeguroFactory.ts">
        <metrics statements="3" coveredstatements="3" conditionals="0" coveredconditionals="0" methods="1" coveredmethods="1"/>
        <line num="2" count="2" type="stmt"/>
        <line num="5" count="2" type="stmt"/>
        <line num="7" count="2" type="stmt"/>
      </file>
    </package>
    <package name="abstract-factory.gateways">
      <metrics statements="4" coveredstatements="4" conditionals="0" coveredconditionals="0" methods="2" coveredmethods="2"/>
      <file name="MercadoPagoProcessor.ts" path="/Users/miguelsouzap/Documents/study/designe-pattern/gof/creational/abstract-factory/gateways/MercadoPagoProcessor.ts">
        <metrics statements="2" coveredstatements="2" conditionals="0" coveredconditionals="0" methods="1" coveredmethods="1"/>
        <line num="4" count="3" type="stmt"/>
        <line num="6" count="2" type="stmt"/>
      </file>
      <file name="PagSeguroProcessor.ts" path="/Users/miguelsouzap/Documents/study/designe-pattern/gof/creational/abstract-factory/gateways/PagSeguroProcessor.ts">
        <metrics statements="2" coveredstatements="2" conditionals="0" coveredconditionals="0" methods="1" coveredmethods="1"/>
        <line num="4" count="3" type="stmt"/>
        <line num="6" count="2" type="stmt"/>
      </file>
    </package>
    <package name="builder">
      <metrics statements="18" coveredstatements="18" conditionals="3" coveredconditionals="3" methods="8" coveredmethods="8"/>
      <file name="PaymentRequest.ts" path="/Users/miguelsouzap/Documents/study/designe-pattern/gof/creational/builder/PaymentRequest.ts">
        <metrics statements="2" coveredstatements="2" conditionals="0" coveredconditionals="0" methods="1" coveredmethods="1"/>
        <line num="3" count="1" type="stmt"/>
        <line num="11" count="3" type="stmt"/>
      </file>
      <file name="PaymentRequestBuilder.ts" path="/Users/miguelsouzap/Documents/study/designe-pattern/gof/creational/builder/PaymentRequestBuilder.ts">
        <metrics statements="16" coveredstatements="16" conditionals="3" coveredconditionals="3" methods="7" coveredmethods="7"/>
        <line num="1" count="1" type="stmt"/>
        <line num="3" count="1" type="stmt"/>
        <line num="4" count="3" type="stmt"/>
        <line num="7" count="2" type="stmt"/>
        <line num="8" count="2" type="stmt"/>
        <line num="12" count="1" type="stmt"/>
        <line num="13" count="1" type="stmt"/>
        <line num="17" count="2" type="stmt"/>
        <line num="18" count="2" type="stmt"/>
        <line num="22" count="1" type="stmt"/>
        <line num="23" count="1" type="stmt"/>
        <line num="27" count="1" type="stmt"/>
        <line num="28" count="1" type="stmt"/>
        <line num="32" count="3" type="cond" truecount="3" falsecount="0"/>
        <line num="33" count="1" type="stmt"/>
        <line num="36" count="2" type="stmt"/>
      </file>
    </package>
    <package name="factory-method.creators">
      <metrics statements="11" coveredstatements="11" conditionals="0" coveredconditionals="0" methods="3" coveredmethods="3"/>
      <file name="MercadoPagoCreator.ts" path="/Users/miguelsouzap/Documents/study/designe-pattern/gof/creational/factory-method/creators/MercadoPagoCreator.ts">
        <metrics statements="4" coveredstatements="4" conditionals="0" coveredconditionals="0" methods="1" coveredmethods="1"/>
        <line num="1" count="1" type="stmt"/>
        <line num="3" count="1" type="stmt"/>
        <line num="5" count="1" type="stmt"/>
        <line num="7" count="1" type="stmt"/>
      </file>
      <file name="PagSeguroCreator.ts" path="/Users/miguelsouzap/Documents/study/designe-pattern/gof/creational/factory-method/creators/PagSeguroCreator.ts">
        <metrics statements="4" coveredstatements="4" conditionals="0" coveredconditionals="0" methods="1" coveredmethods="1"/>
        <line num="1" count="1" type="stmt"/>
        <line num="3" count="1" type="stmt"/>
        <line num="5" count="1" type="stmt"/>
        <line num="7" count="1" type="stmt"/>
      </file>
      <file name="PaymentCreator.ts" path="/Users/miguelsouzap/Documents/study/designe-pattern/gof/creational/factory-method/creators/PaymentCreator.ts">
        <metrics statements="3" coveredstatements="3" conditionals="0" coveredconditionals="0" methods="1" coveredmethods="1"/>
        <line num="3" count="2" type="stmt"/>
        <line num="7" count="2" type="stmt"/>
        <line num="8" count="2" type="stmt"/>
      </file>
    </package>
    <package name="factory-method.services">
      <metrics statements="4" coveredstatements="4" conditionals="0" coveredconditionals="0" methods="2" coveredmethods="2"/>
      <file name="MercadoPagoService.ts" path="/Users/miguelsouzap/Documents/study/designe-pattern/gof/creational/factory-method/services/MercadoPagoService.ts">
        <metrics statements="2" coveredstatements="2" conditionals="0" coveredconditionals="0" methods="1" coveredmethods="1"/>
        <line num="3" count="1" type="stmt"/>
        <line num="5" count="1" type="stmt"/>
      </file>
      <file name="PagSeguroService.ts" path="/Users/miguelsouzap/Documents/study/designe-pattern/gof/creational/factory-method/services/PagSeguroService.ts">
        <metrics statements="2" coveredstatements="2" conditionals="0" coveredconditionals="0" methods="1" coveredmethods="1"/>
        <line num="3" count="1" type="stmt"/>
        <line num="5" count="1" type="stmt"/>
      </file>
    </package>
    <package name="prototype">
      <metrics statements="5" coveredstatements="5" conditionals="0" coveredconditionals="0" methods="3" coveredmethods="3"/>
      <file name="PagSeguroConfig.ts" path="/Users/miguelsouzap/Documents/study/designe-pattern/gof/creational/prototype/PagSeguroConfig.ts">
        <metrics statements="5" coveredstatements="5" conditionals="0" coveredconditionals="0" methods="3" coveredmethods="3"/>
        <line num="3" count="1" type="stmt"/>
        <line num="5" count="2" type="stmt"/>
        <line num="6" count="2" type="stmt"/>
        <line num="10" count="1" type="stmt"/>
        <line num="14" count="1" type="stmt"/>
      </file>
    </package>
    <package name="singleton.services">
      <metrics statements="5" coveredstatements="5" conditionals="1" coveredconditionals="1" methods="3" coveredmethods="3"/>
      <file name="PagSeguroProcessor.ts" path="/Users/miguelsouzap/Documents/study/designe-pattern/gof/creational/singleton/services/PagSeguroProcessor.ts">
        <metrics statements="5" coveredstatements="5" conditionals="1" coveredconditionals="1" methods="3" coveredmethods="3"/>
        <line num="4" count="1" type="stmt"/>
        <line num="10" count="4" type="cond" truecount="1" falsecount="0"/>
        <line num="11" count="1" type="stmt"/>
        <line num="13" count="4" type="stmt"/>
        <line num="17" count="1" type="stmt"/>
      </file>
    </package>
  </project>
</coverage>
