{"/Users/miguelsouzap/Documents/study/designe-pattern/gof/creational/abstract-factory/factories/MercadoPagoFactory.ts": {"path":"/Users/miguelsouzap/Documents/study/designe-pattern/gof/creational/abstract-factory/factories/MercadoPagoFactory.ts","statementMap":{"0":{"start":{"line":3,"column":0},"end":{"line":3,"column":72}},"1":{"start":{"line":7,"column":4},"end":{"line":7,"column":38}},"2":{"start":{"line":5,"column":0},"end":{"line":5,"column":13}}},"fnMap":{"0":{"name":"(anonymous_0)","decl":{"start":{"line":6,"column":2},"end":{"line":6,"column":17}},"loc":{"start":{"line":6,"column":17},"end":{"line":8,"column":3}}}},"branchMap":{},"s":{"0":2,"1":2,"2":2},"f":{"0":2},"b":{}}
,"/Users/miguelsouzap/Documents/study/designe-pattern/gof/creational/abstract-factory/factories/PagSeguroFactory.ts": {"path":"/Users/miguelsouzap/Documents/study/designe-pattern/gof/creational/abstract-factory/factories/PagSeguroFactory.ts","statementMap":{"0":{"start":{"line":2,"column":0},"end":{"line":2,"column":68}},"1":{"start":{"line":7,"column":4},"end":{"line":7,"column":36}},"2":{"start":{"line":5,"column":0},"end":{"line":5,"column":13}}},"fnMap":{"0":{"name":"(anonymous_0)","decl":{"start":{"line":6,"column":2},"end":{"line":6,"column":17}},"loc":{"start":{"line":6,"column":17},"end":{"line":8,"column":3}}}},"branchMap":{},"s":{"0":2,"1":2,"2":2},"f":{"0":2},"b":{}}
,"/Users/miguelsouzap/Documents/study/designe-pattern/gof/creational/abstract-factory/gateways/MercadoPagoProcessor.ts": {"path":"/Users/miguelsouzap/Documents/study/designe-pattern/gof/creational/abstract-factory/gateways/MercadoPagoProcessor.ts","statementMap":{"0":{"start":{"line":6,"column":4},"end":{"line":6,"column":80}},"1":{"start":{"line":4,"column":0},"end":{"line":4,"column":13}}},"fnMap":{"0":{"name":"(anonymous_7)","decl":{"start":{"line":5,"column":8},"end":{"line":5,"column":22}},"loc":{"start":{"line":5,"column":46},"end":{"line":7,"column":null}}}},"branchMap":{},"s":{"0":2,"1":3},"f":{"0":2},"b":{}}
,"/Users/miguelsouzap/Documents/study/designe-pattern/gof/creational/abstract-factory/gateways/PagSeguroProcessor.ts": {"path":"/Users/miguelsouzap/Documents/study/designe-pattern/gof/creational/abstract-factory/gateways/PagSeguroProcessor.ts","statementMap":{"0":{"start":{"line":6,"column":4},"end":{"line":6,"column":73}},"1":{"start":{"line":4,"column":0},"end":{"line":4,"column":13}}},"fnMap":{"0":{"name":"(anonymous_7)","decl":{"start":{"line":5,"column":8},"end":{"line":5,"column":22}},"loc":{"start":{"line":5,"column":46},"end":{"line":7,"column":null}}}},"branchMap":{},"s":{"0":2,"1":3},"f":{"0":2},"b":{}}
,"/Users/miguelsouzap/Documents/study/designe-pattern/gof/creational/builder/PaymentRequest.ts": {"path":"/Users/miguelsouzap/Documents/study/designe-pattern/gof/creational/builder/PaymentRequest.ts","statementMap":{"0":{"start":{"line":11,"column":4},"end":{"line":11,"column":30}},"1":{"start":{"line":3,"column":0},"end":{"line":3,"column":13}}},"fnMap":{"0":{"name":"(anonymous_0)","decl":{"start":{"line":10,"column":2},"end":{"line":10,"column":14}},"loc":{"start":{"line":10,"column":44},"end":{"line":12,"column":3}}}},"branchMap":{},"s":{"0":3,"1":1},"f":{"0":3},"b":{}}
,"/Users/miguelsouzap/Documents/study/designe-pattern/gof/creational/builder/PaymentRequestBuilder.ts": {"path":"/Users/miguelsouzap/Documents/study/designe-pattern/gof/creational/builder/PaymentRequestBuilder.ts","statementMap":{"0":{"start":{"line":1,"column":0},"end":{"line":1,"column":65}},"1":{"start":{"line":4,"column":10},"end":{"line":4,"column":57}},"2":{"start":{"line":7,"column":4},"end":{"line":7,"column":33}},"3":{"start":{"line":8,"column":4},"end":{"line":8,"column":16}},"4":{"start":{"line":12,"column":4},"end":{"line":12,"column":43}},"5":{"start":{"line":13,"column":4},"end":{"line":13,"column":16}},"6":{"start":{"line":17,"column":4},"end":{"line":17,"column":33}},"7":{"start":{"line":18,"column":4},"end":{"line":18,"column":16}},"8":{"start":{"line":22,"column":4},"end":{"line":22,"column":45}},"9":{"start":{"line":23,"column":4},"end":{"line":23,"column":16}},"10":{"start":{"line":27,"column":4},"end":{"line":27,"column":36}},"11":{"start":{"line":28,"column":4},"end":{"line":28,"column":16}},"12":{"start":{"line":32,"column":4},"end":{"line":34,"column":5}},"13":{"start":{"line":33,"column":6},"end":{"line":33,"column":65}},"14":{"start":{"line":36,"column":4},"end":{"line":36,"column":24}},"15":{"start":{"line":3,"column":0},"end":{"line":3,"column":13}}},"fnMap":{"0":{"name":"(anonymous_0)","decl":{"start":{"line":3,"column":0},"end":{"line":3,"column":13}},"loc":{"start":{"line":3,"column":0},"end":{"line":38,"column":1}}},"1":{"name":"(anonymous_1)","decl":{"start":{"line":6,"column":2},"end":{"line":6,"column":11}},"loc":{"start":{"line":6,"column":26},"end":{"line":9,"column":3}}},"2":{"name":"(anonymous_2)","decl":{"start":{"line":11,"column":2},"end":{"line":11,"column":16}},"loc":{"start":{"line":11,"column":36},"end":{"line":14,"column":3}}},"3":{"name":"(anonymous_3)","decl":{"start":{"line":16,"column":2},"end":{"line":16,"column":11}},"loc":{"start":{"line":16,"column":33},"end":{"line":19,"column":3}}},"4":{"name":"(anonymous_4)","decl":{"start":{"line":21,"column":2},"end":{"line":21,"column":17}},"loc":{"start":{"line":21,"column":38},"end":{"line":24,"column":3}}},"5":{"name":"(anonymous_5)","decl":{"start":{"line":26,"column":2},"end":{"line":26,"column":15}},"loc":{"start":{"line":26,"column":29},"end":{"line":29,"column":3}}},"6":{"name":"(anonymous_6)","decl":{"start":{"line":31,"column":2},"end":{"line":31,"column":7}},"loc":{"start":{"line":31,"column":7},"end":{"line":37,"column":3}}}},"branchMap":{"0":{"loc":{"start":{"line":32,"column":4},"end":{"line":34,"column":5}},"type":"if","locations":[{"start":{"line":32,"column":4},"end":{"line":34,"column":5}}]},"1":{"loc":{"start":{"line":32,"column":8},"end":{"line":32,"column":52}},"type":"binary-expr","locations":[{"start":{"line":32,"column":8},"end":{"line":32,"column":28}},{"start":{"line":32,"column":32},"end":{"line":32,"column":52}}]}},"s":{"0":1,"1":3,"2":2,"3":2,"4":1,"5":1,"6":2,"7":2,"8":1,"9":1,"10":1,"11":1,"12":3,"13":1,"14":2,"15":1},"f":{"0":3,"1":2,"2":1,"3":2,"4":1,"5":1,"6":3},"b":{"0":[1],"1":[3,2]}}
,"/Users/miguelsouzap/Documents/study/designe-pattern/gof/creational/factory-method/creators/MercadoPagoCreator.ts": {"path":"/Users/miguelsouzap/Documents/study/designe-pattern/gof/creational/factory-method/creators/MercadoPagoCreator.ts","statementMap":{"0":{"start":{"line":1,"column":0},"end":{"line":1,"column":50}},"1":{"start":{"line":3,"column":0},"end":{"line":3,"column":68}},"2":{"start":{"line":7,"column":4},"end":{"line":7,"column":36}},"3":{"start":{"line":5,"column":0},"end":{"line":5,"column":13}}},"fnMap":{"0":{"name":"(anonymous_0)","decl":{"start":{"line":6,"column":2},"end":{"line":6,"column":15}},"loc":{"start":{"line":6,"column":15},"end":{"line":8,"column":3}}}},"branchMap":{},"s":{"0":1,"1":1,"2":1,"3":1},"f":{"0":1},"b":{}}
,"/Users/miguelsouzap/Documents/study/designe-pattern/gof/creational/factory-method/creators/PagSeguroCreator.ts": {"path":"/Users/miguelsouzap/Documents/study/designe-pattern/gof/creational/factory-method/creators/PagSeguroCreator.ts","statementMap":{"0":{"start":{"line":1,"column":0},"end":{"line":1,"column":50}},"1":{"start":{"line":3,"column":0},"end":{"line":3,"column":64}},"2":{"start":{"line":7,"column":4},"end":{"line":7,"column":34}},"3":{"start":{"line":5,"column":0},"end":{"line":5,"column":13}}},"fnMap":{"0":{"name":"(anonymous_0)","decl":{"start":{"line":6,"column":2},"end":{"line":6,"column":15}},"loc":{"start":{"line":6,"column":15},"end":{"line":8,"column":3}}}},"branchMap":{},"s":{"0":1,"1":1,"2":1,"3":1},"f":{"0":1},"b":{}}
,"/Users/miguelsouzap/Documents/study/designe-pattern/gof/creational/factory-method/creators/PaymentCreator.ts": {"path":"/Users/miguelsouzap/Documents/study/designe-pattern/gof/creational/factory-method/creators/PaymentCreator.ts","statementMap":{"0":{"start":{"line":7,"column":20},"end":{"line":7,"column":40}},"1":{"start":{"line":8,"column":4},"end":{"line":8,"column":35}},"2":{"start":{"line":3,"column":0},"end":{"line":3,"column":22}}},"fnMap":{"0":{"name":"(anonymous_0)","decl":{"start":{"line":6,"column":2},"end":{"line":6,"column":16}},"loc":{"start":{"line":6,"column":31},"end":{"line":9,"column":3}}}},"branchMap":{},"s":{"0":2,"1":2,"2":2},"f":{"0":2},"b":{}}
,"/Users/miguelsouzap/Documents/study/designe-pattern/gof/creational/factory-method/services/MercadoPagoService.ts": {"path":"/Users/miguelsouzap/Documents/study/designe-pattern/gof/creational/factory-method/services/MercadoPagoService.ts","statementMap":{"0":{"start":{"line":5,"column":4},"end":{"line":5,"column":60}},"1":{"start":{"line":3,"column":0},"end":{"line":3,"column":13}}},"fnMap":{"0":{"name":"(anonymous_0)","decl":{"start":{"line":4,"column":2},"end":{"line":4,"column":9}},"loc":{"start":{"line":4,"column":24},"end":{"line":6,"column":3}}}},"branchMap":{},"s":{"0":1,"1":1},"f":{"0":1},"b":{}}
,"/Users/miguelsouzap/Documents/study/designe-pattern/gof/creational/factory-method/services/PagSeguroService.ts": {"path":"/Users/miguelsouzap/Documents/study/designe-pattern/gof/creational/factory-method/services/PagSeguroService.ts","statementMap":{"0":{"start":{"line":5,"column":4},"end":{"line":5,"column":58}},"1":{"start":{"line":3,"column":0},"end":{"line":3,"column":13}}},"fnMap":{"0":{"name":"(anonymous_0)","decl":{"start":{"line":4,"column":2},"end":{"line":4,"column":9}},"loc":{"start":{"line":4,"column":24},"end":{"line":6,"column":3}}}},"branchMap":{},"s":{"0":1,"1":1},"f":{"0":1},"b":{}}
,"/Users/miguelsouzap/Documents/study/designe-pattern/gof/creational/prototype/PagSeguroConfig.ts": {"path":"/Users/miguelsouzap/Documents/study/designe-pattern/gof/creational/prototype/PagSeguroConfig.ts","statementMap":{"0":{"start":{"line":5,"column":11},"end":{"line":5,"column":24}},"1":{"start":{"line":6,"column":11},"end":{"line":6,"column":48}},"2":{"start":{"line":10,"column":4},"end":{"line":10,"column":61}},"3":{"start":{"line":14,"column":4},"end":{"line":14,"column":72}},"4":{"start":{"line":3,"column":0},"end":{"line":3,"column":13}}},"fnMap":{"0":{"name":"(anonymous_0)","decl":{"start":{"line":4,"column":2},"end":{"line":4,"column":null}},"loc":{"start":{"line":6,"column":48},"end":{"line":7,"column":6}}},"1":{"name":"(anonymous_1)","decl":{"start":{"line":9,"column":2},"end":{"line":9,"column":7}},"loc":{"start":{"line":9,"column":7},"end":{"line":11,"column":3}}},"2":{"name":"(anonymous_2)","decl":{"start":{"line":13,"column":2},"end":{"line":13,"column":9}},"loc":{"start":{"line":13,"column":9},"end":{"line":15,"column":3}}}},"branchMap":{},"s":{"0":2,"1":2,"2":1,"3":1,"4":1},"f":{"0":2,"1":1,"2":1},"b":{}}
,"/Users/miguelsouzap/Documents/study/designe-pattern/gof/creational/singleton/services/PagSeguroProcessor.ts": {"path":"/Users/miguelsouzap/Documents/study/designe-pattern/gof/creational/singleton/services/PagSeguroProcessor.ts","statementMap":{"0":{"start":{"line":10,"column":4},"end":{"line":12,"column":5}},"1":{"start":{"line":11,"column":6},"end":{"line":11,"column":61}},"2":{"start":{"line":13,"column":4},"end":{"line":13,"column":39}},"3":{"start":{"line":17,"column":4},"end":{"line":17,"column":73}},"4":{"start":{"line":4,"column":0},"end":{"line":4,"column":13}}},"fnMap":{"0":{"name":"(anonymous_7)","decl":{"start":{"line":7,"column":2},"end":{"line":7,"column":25}},"loc":{"start":{"line":7,"column":2},"end":{"line":7,"column":26}}},"1":{"name":"(anonymous_8)","decl":{"start":{"line":9,"column":2},"end":{"line":9,"column":8}},"loc":{"start":{"line":9,"column":20},"end":{"line":14,"column":3}}},"2":{"name":"(anonymous_9)","decl":{"start":{"line":16,"column":8},"end":{"line":16,"column":22}},"loc":{"start":{"line":16,"column":46},"end":{"line":18,"column":null}}}},"branchMap":{"0":{"loc":{"start":{"line":10,"column":4},"end":{"line":12,"column":5}},"type":"if","locations":[{"start":{"line":10,"column":4},"end":{"line":12,"column":5}}]}},"s":{"0":4,"1":1,"2":4,"3":1,"4":1},"f":{"0":1,"1":4,"2":1},"b":{"0":[1]}}
}
